<?xml version='1.0'?>
<ns2:test-suite xmlns:ns2='urn:model.allure.qatools.yandex.ru' start='1629446867136' stop='1629446889741'>
    <name>My Login application</name>
    <title>My Login application</title>
    <test-cases>
        <test-case start='1629446867139' status='pending' stop='1629446867139'>
            <name>Regression Testcases - Special offer </name>
            <title>Regression Testcases - Special offer </title>
            <labels/>
            <parameters/>
            <steps/>
            <attachments/>
            <failure>
                <message>Test ignored</message>
                <stack-trace>undefined</stack-trace>
            </failure>
        </test-case>
        <test-case start='1629446867141' status='broken' stop='1629446889732'>
            <name>Regression Testcases - Add two producnt in cart</name>
            <title>Regression Testcases - Add two producnt in cart</title>
            <labels>
                <label name='language' value='javascript'/>
                <label name='framework' value='wdio'/>
                <label name='thread' value='0-0'/>
            </labels>
            <parameters>
                <parameter kind='argument' name='browser' value='chrome-92.0.4515.131'/>
            </parameters>
            <steps/>
            <attachments/>
            <failure>
                <message>Can't call click on element with selector "//div[@class='contentpanel']//div[1]//div[2]//a[1]//img[1]" because element wasn't found</message>
                <stack-trace>Error: Can't call click on element with selector "//div[@class='contentpanel']//div[1]//div[2]//a[1]//img[1]" because element wasn't found
                    at Object.implicitWait [as default] (C:\Users\nishant.narwade\Desktop\NIshant\WebdriverSetUP\node_modules\webdriverio\build\utils\implicitWait.js:34:19)
                    at async Element.elementErrorHandlerCallbackFn (C:\Users\nishant.narwade\Desktop\NIshant\WebdriverSetUP\node_modules\webdriverio\build\middlewares.js:19:29)
                    at async Element.wrapCommandFn (C:\Users\nishant.narwade\Desktop\NIshant\WebdriverSetUP\node_modules\@wdio\utils\build\shim.js:78:29)
                    at async HomePage.select_firstItem (C:\Users\nishant.narwade\Desktop\NIshant\WebdriverSetUP\test\pageobjects\HomePage.js:68:9)
                    at async Context.&lt;anonymous> (C:\Users\nishant.narwade\Desktop\NIshant\WebdriverSetUP\test\specs\example.e2e.js:41:9)
                    at async Context.executeAsync (C:\Users\nishant.narwade\Desktop\NIshant\WebdriverSetUP\node_modules\@wdio\mocha-framework\node_modules\@wdio\utils\build\shim.js:285:16)
                    at async Context.testFrameworkFnWrapper (C:\Users\nishant.narwade\Desktop\NIshant\WebdriverSetUP\node_modules\@wdio\mocha-framework\node_modules\@wdio\utils\build\test-framework\testFnWrapper.js:52:18)</stack-trace>
            </failure>
        </test-case>
        <test-case start='1629446889734' status='pending' stop='1629446889734'>
            <name>Regression Testcases -Flow from login to Payment</name>
            <title>Regression Testcases -Flow from login to Payment</title>
            <labels/>
            <parameters/>
            <steps/>
            <attachments/>
            <failure>
                <message>Test ignored</message>
                <stack-trace>undefined</stack-trace>
            </failure>
        </test-case>
    </test-cases>
</ns2:test-suite>